D:\C WORKSPACE\DRAWSKYBOX\DEBUG\DRAWSKYBOX.EXE
D:\C WORKSPACE\DRAWSKYBOX\DEBUG\DRAWSKYBOX.ILK
D:\C WORKSPACE\DRAWSKYBOX\DEBUG\DRAWSKYBOX.PDB
D:\C WORKSPACE\DRAWSKYBOX\DRAWSKYBOX\DEBUG\CAMERA.OBJ
D:\C WORKSPACE\DRAWSKYBOX\DRAWSKYBOX\DEBUG\CREATEWINDOWS.OBJ
D:\C WORKSPACE\DRAWSKYBOX\DRAWSKYBOX\DEBUG\D3DFONT.OBJ
D:\C WORKSPACE\DRAWSKYBOX\DRAWSKYBOX\DEBUG\D3DINIT.OBJ
D:\C WORKSPACE\DRAWSKYBOX\DRAWSKYBOX\DEBUG\D3DLIGHT.OBJ
D:\C WORKSPACE\DRAWSKYBOX\DRAWSKYBOX\DEBUG\D3DLOADMASH.OBJ
D:\C WORKSPACE\DRAWSKYBOX\DRAWSKYBOX\DEBUG\D3DLOADMESH.OBJ
D:\C WORKSPACE\DRAWSKYBOX\DRAWSKYBOX\DEBUG\DRAWPLANE.OBJ
D:\C WORKSPACE\DRAWSKYBOX\DRAWSKYBOX\DEBUG\DRAWSKYBOX.EXE.INTERMEDIATE.MANIFEST
D:\C WORKSPACE\DRAWSKYBOX\DRAWSKYBOX\DEBUG\DRAWSKYBOX.OBJ
D:\C WORKSPACE\DRAWSKYBOX\DRAWSKYBOX\DEBUG\DRAWSTARS.OBJ
D:\C WORKSPACE\DRAWSKYBOX\DRAWSKYBOX\DEBUG\GAMEINPUT.OBJ
D:\C WORKSPACE\DRAWSKYBOX\DRAWSKYBOX\DEBUG\GAMETIME.OBJ
D:\C WORKSPACE\DRAWSKYBOX\DRAWSKYBOX\DEBUG\LIGHT.OBJ
D:\C WORKSPACE\DRAWSKYBOX\DRAWSKYBOX\DEBUG\VC100.PDB
D:\C WORKSPACE\SOLAR\DEBUG\DRAWSKYBOX.EXE
D:\C WORKSPACE\SOLAR\DEBUG\DRAWSKYBOX.ILK
D:\C WORKSPACE\SOLAR\DEBUG\DRAWSKYBOX.PDB
D:\C WORKSPACE\SOLAR\DRAWSKYBOX\DEBUG\CAMERA.OBJ
D:\C WorkSpace\Solar\DrawSkyBox\Debug\cl.command.1.tlog
D:\C WorkSpace\Solar\DrawSkyBox\Debug\CL.read.1.tlog
D:\C WorkSpace\Solar\DrawSkyBox\Debug\CL.write.1.tlog
D:\C WORKSPACE\SOLAR\DRAWSKYBOX\DEBUG\CREATEWINDOWS.OBJ
D:\C WORKSPACE\SOLAR\DRAWSKYBOX\DEBUG\D3DFONT.OBJ
D:\C WORKSPACE\SOLAR\DRAWSKYBOX\DEBUG\D3DINIT.OBJ
D:\C WORKSPACE\SOLAR\DRAWSKYBOX\DEBUG\D3DLIGHT.OBJ
D:\C WorkSpace\Solar\DrawSkyBox\Debug\D3DLoadMash.obj
D:\C WORKSPACE\SOLAR\DRAWSKYBOX\DEBUG\D3DLOADMESH.OBJ
D:\C WORKSPACE\SOLAR\DRAWSKYBOX\DEBUG\DRAWPLANE.OBJ
D:\C WORKSPACE\SOLAR\DRAWSKYBOX\DEBUG\DRAWSKYBOX.EXE.INTERMEDIATE.MANIFEST
D:\C WORKSPACE\SOLAR\DRAWSKYBOX\DEBUG\DRAWSKYBOX.OBJ
D:\C WORKSPACE\SOLAR\DRAWSKYBOX\DEBUG\DRAWSTARS.OBJ
D:\C WORKSPACE\SOLAR\DRAWSKYBOX\DEBUG\GAMEINPUT.OBJ
D:\C WORKSPACE\SOLAR\DRAWSKYBOX\DEBUG\GAMETIME.OBJ
D:\C WorkSpace\Solar\DrawSkyBox\Debug\Light.obj
D:\C WorkSpace\Solar\DrawSkyBox\Debug\link.command.1.tlog
D:\C WorkSpace\Solar\DrawSkyBox\Debug\link.read.1.tlog
D:\C WorkSpace\Solar\DrawSkyBox\Debug\link.write.1.tlog
D:\C WorkSpace\Solar\DrawSkyBox\Debug\mt.command.1.tlog
D:\C WorkSpace\Solar\DrawSkyBox\Debug\mt.read.1.tlog
D:\C WorkSpace\Solar\DrawSkyBox\Debug\mt.write.1.tlog
D:\C WorkSpace\Solar\DrawSkyBox\Debug\vc100.idb
D:\C WORKSPACE\SOLAR\DRAWSKYBOX\DEBUG\VC100.PDB
